2025-04-27 01:53:06 - db - INFO - Инициализация базы данных: /Users/zilber/Desktop/repo/github-Main/ASTROBOT/database.db
2025-04-27 01:53:06 - db - INFO - Таблица users создана или уже существует
2025-04-27 01:53:06 - db - INFO - Таблица transactions создана или уже существует
2025-04-27 01:53:06 - db - INFO - Таблица referrals создана или уже существует
2025-04-27 01:53:06 - db - INFO - Таблица messages создана или уже существует
2025-04-27 01:53:06 - db - INFO - Таблица compatibility_invites создана или уже существует
2025-04-27 01:53:24 - db - DEBUG - Запрашиваем профиль для user_id=206545259
2025-04-27 01:53:24 - db - DEBUG - Пользователь существует в БД: True
2025-04-27 01:53:24 - db - DEBUG - Получены данные пользователя: ('Кирилл Зильбер', '1987-08-22', '22:19', 55.625578, 37.6063916, 186.0, 2602.6649999999995)
2025-04-27 01:53:24 - db - DEBUG - Возвращаем результат: {'full_name': 'Кирилл Зильбер', 'birth_date': '1987-08-22', 'birth_time': '22:19', 'latitude': 55.625578, 'longitude': 37.6063916, 'altitude': 186.0, 'balance': 2602.6649999999995}
2025-04-27 01:53:24 - db - DEBUG - Проверяем наличие пользователя 206545259 (mcyril) в БД
2025-04-27 01:53:24 - db - DEBUG - Пользователь 206545259 уже существует в БД
2025-04-27 01:53:24 - db - DEBUG - Запрашиваем профиль для user_id=206545259
2025-04-27 01:53:24 - db - DEBUG - Пользователь существует в БД: True
2025-04-27 01:53:24 - db - DEBUG - Получены данные пользователя: ('Кирилл Зильбер', '1987-08-22', '22:19', 55.625578, 37.6063916, 186.0, 2602.6649999999995)
2025-04-27 01:53:24 - db - DEBUG - Возвращаем результат: {'full_name': 'Кирилл Зильбер', 'birth_date': '1987-08-22', 'birth_time': '22:19', 'latitude': 55.625578, 'longitude': 37.6063916, 'altitude': 186.0, 'balance': 2602.6649999999995}
2025-04-27 01:53:28 - db - DEBUG - Баланс пользователя 206545259: 2603 баллов
2025-04-27 01:53:36 - db - DEBUG - Запрашиваем профиль для user_id=206545259
2025-04-27 01:53:36 - db - DEBUG - Пользователь существует в БД: True
2025-04-27 01:53:36 - db - DEBUG - Получены данные пользователя: ('Кирилл Зильбер', '1987-08-22', '22:19', 55.625578, 37.6063916, 186.0, 2602.6649999999995)
2025-04-27 01:53:36 - db - DEBUG - Возвращаем результат: {'full_name': 'Кирилл Зильбер', 'birth_date': '1987-08-22', 'birth_time': '22:19', 'latitude': 55.625578, 'longitude': 37.6063916, 'altitude': 186.0, 'balance': 2602.6649999999995}
2025-04-27 01:53:36 - db - DEBUG - Баланс пользователя 206545259: 2603 баллов
2025-04-27 01:53:38 - db - DEBUG - Баланс пользователя 206545259: 2603 баллов
2025-04-27 01:53:38 - db - DEBUG - Запрашиваем профиль для user_id=206545259
2025-04-27 01:53:38 - db - DEBUG - Пользователь существует в БД: True
2025-04-27 01:53:38 - db - DEBUG - Получены данные пользователя: ('Кирилл Зильбер', '1987-08-22', '22:19', 55.625578, 37.6063916, 186.0, 2602.6649999999995)
2025-04-27 01:53:38 - db - DEBUG - Возвращаем результат: {'full_name': 'Кирилл Зильбер', 'birth_date': '1987-08-22', 'birth_time': '22:19', 'latitude': 55.625578, 'longitude': 37.6063916, 'altitude': 186.0, 'balance': 2602.6649999999995}
2025-04-27 01:53:38 - db - INFO - Списание с баланса пользователя 206545259: 100.00 баллов (Анализ Human Design (6667 токенов))
2025-04-27 01:53:38 - db - INFO - Списание успешно. Новый баланс: 2502.66 баллов
2025-04-27 01:53:39 - db - DEBUG - Проверка наличия первичного анализа для пользователя 206545259
2025-04-27 01:53:39 - db - DEBUG - Результат проверки для пользователя 206545259: True (значение в БД: 1)
2025-04-27 01:53:39 - db - DEBUG - Пользователь 206545259 уже проходил первичный анализ
2025-04-27 01:53:49 - db - DEBUG - Сохранение сообщения для пользователя 206545259: sender=bot, is_summary=False
2025-04-27 01:53:49 - db - DEBUG - Сообщение сохранено в БД
2025-04-27 01:55:26 - db - DEBUG - Баланс пользователя 206545259: 2503 баллов
2025-04-27 01:55:26 - db - DEBUG - Сохранение сообщения для пользователя 206545259: sender=user, is_summary=False
2025-04-27 01:55:26 - db - DEBUG - Сообщение сохранено в БД
2025-04-27 01:55:26 - db - INFO - Списание с баланса пользователя 206545259: 0.50 баллов (Обработка запроса (67 токенов))
2025-04-27 01:55:26 - db - INFO - Списание успешно. Новый баланс: 2502.16 баллов
2025-04-27 01:55:38 - db - DEBUG - Баланс пользователя 206545259: 2502 баллов
2025-04-27 01:55:38 - db - DEBUG - Сохранение сообщения для пользователя 206545259: sender=user, is_summary=False
2025-04-27 01:55:38 - db - DEBUG - Сообщение сохранено в БД
2025-04-27 01:55:38 - db - INFO - Списание с баланса пользователя 206545259: 0.01 баллов (Обработка запроса (1 токенов))
2025-04-27 01:55:38 - db - INFO - Списание успешно. Новый баланс: 2502.15 баллов
2025-04-27 01:55:38 - db - DEBUG - Количество сообщений пользователя 206545259: 46
2025-04-27 01:55:38 - db - DEBUG - Запрос последних 50 сообщений пользователя 206545259
2025-04-27 01:55:38 - db - DEBUG - Получено 46 сообщений
2025-04-27 01:55:43 - db - DEBUG - Баланс пользователя 206545259: 2502 баллов
2025-04-27 01:55:43 - db - INFO - Списание с баланса пользователя 206545259: 4.32 баллов (Получение ответа (288 токенов))
2025-04-27 01:55:43 - db - INFO - Списание успешно. Новый баланс: 2497.83 баллов
2025-04-27 01:55:43 - db - DEBUG - Сохранение сообщения для пользователя 206545259: sender=bot, is_summary=False
2025-04-27 01:55:43 - db - DEBUG - Сообщение сохранено в БД
2025-04-27 01:56:39 - db - DEBUG - Баланс пользователя 206545259: 2498 баллов
2025-04-27 01:56:39 - db - DEBUG - Сохранение сообщения для пользователя 206545259: sender=user, is_summary=False
2025-04-27 01:56:39 - db - DEBUG - Сообщение сохранено в БД
2025-04-27 01:56:39 - db - INFO - Списание с баланса пользователя 206545259: 1.27 баллов (Обработка запроса (170 токенов))
2025-04-27 01:56:39 - db - INFO - Списание успешно. Новый баланс: 2496.55 баллов
2025-04-27 01:56:39 - db - DEBUG - Количество сообщений пользователя 206545259: 48
2025-04-27 01:56:39 - db - DEBUG - Запрос последних 50 сообщений пользователя 206545259
2025-04-27 01:56:39 - db - DEBUG - Получено 48 сообщений
2025-04-27 01:56:44 - db - DEBUG - Баланс пользователя 206545259: 2497 баллов
2025-04-27 01:56:44 - db - INFO - Списание с баланса пользователя 206545259: 12.29 баллов (Получение ответа (819 токенов))
2025-04-27 01:56:44 - db - INFO - Списание успешно. Новый баланс: 2484.27 баллов
2025-04-27 01:56:44 - db - DEBUG - Сохранение сообщения для пользователя 206545259: sender=bot, is_summary=False
2025-04-27 01:56:44 - db - DEBUG - Сообщение сохранено в БД
2025-04-27 01:58:09 - db - DEBUG - Баланс пользователя 206545259: 2484 баллов
2025-04-27 01:58:09 - db - DEBUG - Сохранение сообщения для пользователя 206545259: sender=user, is_summary=False
2025-04-27 01:58:09 - db - DEBUG - Сообщение сохранено в БД
2025-04-27 01:58:09 - db - INFO - Списание с баланса пользователя 206545259: 0.58 баллов (Обработка запроса (77 токенов))
2025-04-27 01:58:09 - db - INFO - Списание успешно. Новый баланс: 2483.69 баллов
2025-04-27 01:58:09 - db - DEBUG - Количество сообщений пользователя 206545259: 50
2025-04-27 01:58:09 - db - DEBUG - Запрос последних 50 сообщений пользователя 206545259
2025-04-27 01:58:09 - db - DEBUG - Получено 50 сообщений
2025-04-27 01:58:11 - db - DEBUG - Баланс пользователя 206545259: 2484 баллов
2025-04-27 01:58:11 - db - INFO - Списание с баланса пользователя 206545259: 6.03 баллов (Получение ответа (402 токенов))
2025-04-27 01:58:11 - db - INFO - Списание успешно. Новый баланс: 2477.66 баллов
2025-04-27 01:58:12 - db - DEBUG - Сохранение сообщения для пользователя 206545259: sender=bot, is_summary=False
2025-04-27 01:58:12 - db - DEBUG - Сообщение сохранено в БД
2025-04-27 01:59:18 - db - DEBUG - Баланс пользователя 206545259: 2478 баллов
2025-04-27 01:59:18 - db - DEBUG - Сохранение сообщения для пользователя 206545259: sender=user, is_summary=False
2025-04-27 01:59:18 - db - DEBUG - Сообщение сохранено в БД
2025-04-27 01:59:18 - db - INFO - Списание с баланса пользователя 206545259: 0.62 баллов (Обработка запроса (83 токенов))
2025-04-27 01:59:18 - db - INFO - Списание успешно. Новый баланс: 2477.04 баллов
2025-04-27 01:59:18 - db - DEBUG - Количество сообщений пользователя 206545259: 52
2025-04-27 01:59:18 - db - DEBUG - Запрос последних 50 сообщений пользователя 206545259
2025-04-27 01:59:18 - db - DEBUG - Получено 50 сообщений
2025-04-27 01:59:22 - db - DEBUG - Баланс пользователя 206545259: 2477 баллов
2025-04-27 01:59:22 - db - INFO - Списание с баланса пользователя 206545259: 9.62 баллов (Получение ответа (641 токенов))
2025-04-27 01:59:22 - db - INFO - Списание успешно. Новый баланс: 2467.42 баллов
2025-04-27 01:59:22 - db - DEBUG - Сохранение сообщения для пользователя 206545259: sender=bot, is_summary=False
2025-04-27 01:59:22 - db - DEBUG - Сообщение сохранено в БД
2025-04-27 01:59:22 - db - DEBUG - Запрос последних 50 сообщений пользователя 206545259
2025-04-27 01:59:22 - db - DEBUG - Получено 50 сообщений
2025-04-27 01:59:27 - db - DEBUG - Сохранение сообщения для пользователя 206545259: sender=summary, is_summary=True
2025-04-27 01:59:27 - db - DEBUG - Сообщение сохранено в БД
2025-04-27 01:59:27 - db - INFO - Удаление старых сообщений пользователя 206545259, оставляем 16 последних
2025-04-27 01:59:27 - db - INFO - Удалено 38 старых сообщений
2025-04-27 02:00:15 - db - DEBUG - Баланс пользователя 206545259: 2467 баллов
2025-04-27 02:00:15 - db - DEBUG - Сохранение сообщения для пользователя 206545259: sender=user, is_summary=False
2025-04-27 02:00:15 - db - DEBUG - Сообщение сохранено в БД
2025-04-27 02:00:15 - db - INFO - Списание с баланса пользователя 206545259: 0.36 баллов (Обработка запроса (48 токенов))
2025-04-27 02:00:15 - db - INFO - Списание успешно. Новый баланс: 2467.06 баллов
2025-04-27 02:00:15 - db - DEBUG - Количество сообщений пользователя 206545259: 17
2025-04-27 02:00:15 - db - DEBUG - Запрос последних 50 сообщений пользователя 206545259
2025-04-27 02:00:15 - db - DEBUG - Получено 17 сообщений
2025-04-27 02:00:22 - db - DEBUG - Баланс пользователя 206545259: 2467 баллов
2025-04-27 02:00:22 - db - INFO - Списание с баланса пользователя 206545259: 11.36 баллов (Получение ответа (757 токенов))
2025-04-27 02:00:22 - db - INFO - Списание успешно. Новый баланс: 2455.71 баллов
2025-04-27 02:00:22 - db - DEBUG - Сохранение сообщения для пользователя 206545259: sender=bot, is_summary=False
2025-04-27 02:00:22 - db - DEBUG - Сообщение сохранено в БД
2025-04-27 02:01:02 - db - DEBUG - Баланс пользователя 206545259: 2456 баллов
2025-04-27 02:01:02 - db - DEBUG - Сохранение сообщения для пользователя 206545259: sender=user, is_summary=False
2025-04-27 02:01:02 - db - DEBUG - Сообщение сохранено в БД
2025-04-27 02:01:02 - db - INFO - Списание с баланса пользователя 206545259: 0.10 баллов (Обработка запроса (13 токенов))
2025-04-27 02:01:02 - db - INFO - Списание успешно. Новый баланс: 2455.61 баллов
2025-04-27 02:02:12 - db - DEBUG - Баланс пользователя 206545259: 2456 баллов
2025-04-27 02:02:12 - db - DEBUG - Сохранение сообщения для пользователя 206545259: sender=user, is_summary=False
2025-04-27 02:02:12 - db - DEBUG - Сообщение сохранено в БД
2025-04-27 02:02:12 - db - INFO - Списание с баланса пользователя 206545259: 0.13 баллов (Обработка запроса (17 токенов))
2025-04-27 02:02:12 - db - INFO - Списание успешно. Новый баланс: 2455.48 баллов
2025-04-27 02:02:16 - db - DEBUG - Запрос последних 50 сообщений пользователя 206545259
2025-04-27 02:02:16 - db - DEBUG - Получено 20 сообщений
2025-04-27 02:02:22 - db - DEBUG - Сохранение сообщения для пользователя 206545259: sender=bot, is_summary=False
2025-04-27 02:02:22 - db - DEBUG - Сообщение сохранено в БД
2025-04-27 02:03:37 - db - DEBUG - Баланс пользователя 206545259: 2455 баллов
2025-04-27 09:25:59 - db - INFO - Инициализация базы данных: /Users/zilber/Desktop/repo/github-Main/ASTROBOT/database.db
2025-04-27 09:25:59 - db - INFO - Таблица users создана или уже существует
2025-04-27 09:25:59 - db - INFO - Таблица transactions создана или уже существует
2025-04-27 09:25:59 - db - INFO - Таблица referrals создана или уже существует
2025-04-27 09:25:59 - db - INFO - Таблица messages создана или уже существует
2025-04-27 09:25:59 - db - INFO - Таблица compatibility_invites создана или уже существует
2025-04-27 09:26:16 - db - DEBUG - Запрашиваем профиль для user_id=206545259
2025-04-27 09:26:16 - db - DEBUG - Пользователь существует в БД: True
2025-04-27 09:26:16 - db - DEBUG - Получены данные пользователя: ('Кирилл Зильбер', '1987-08-22', '22:19', 55.625578, 37.6063916, 186.0, 2455.484999999999)
2025-04-27 09:26:16 - db - DEBUG - Возвращаем результат: {'full_name': 'Кирилл Зильбер', 'birth_date': '1987-08-22', 'birth_time': '22:19', 'latitude': 55.625578, 'longitude': 37.6063916, 'altitude': 186.0, 'balance': 2455.484999999999}
2025-04-27 09:26:16 - db - DEBUG - Баланс пользователя 206545259: 2455 баллов
2025-04-27 09:26:18 - db - DEBUG - Баланс пользователя 206545259: 2455 баллов
2025-04-27 09:26:18 - db - DEBUG - Запрашиваем профиль для user_id=206545259
2025-04-27 09:26:18 - db - DEBUG - Пользователь существует в БД: True
2025-04-27 09:26:18 - db - DEBUG - Получены данные пользователя: ('Кирилл Зильбер', '1987-08-22', '22:19', 55.625578, 37.6063916, 186.0, 2455.484999999999)
2025-04-27 09:26:18 - db - DEBUG - Возвращаем результат: {'full_name': 'Кирилл Зильбер', 'birth_date': '1987-08-22', 'birth_time': '22:19', 'latitude': 55.625578, 'longitude': 37.6063916, 'altitude': 186.0, 'balance': 2455.484999999999}
2025-04-27 09:26:18 - db - INFO - Списание с баланса пользователя 206545259: 100.00 баллов (Анализ Human Design (6667 токенов))
2025-04-27 09:26:18 - db - INFO - Списание успешно. Новый баланс: 2355.48 баллов
2025-04-27 09:26:19 - db - DEBUG - Проверка наличия первичного анализа для пользователя 206545259
2025-04-27 09:26:19 - db - DEBUG - Результат проверки для пользователя 206545259: True (значение в БД: 1)
2025-04-27 09:26:19 - db - DEBUG - Пользователь 206545259 уже проходил первичный анализ
2025-04-27 09:26:27 - db - DEBUG - Сохранение сообщения для пользователя 206545259: sender=bot, is_summary=False
2025-04-27 09:26:27 - db - DEBUG - Сообщение сохранено в БД
2025-04-27 09:27:44 - db - DEBUG - Баланс пользователя 206545259: 2355 баллов
2025-04-27 09:27:44 - db - DEBUG - Сохранение сообщения для пользователя 206545259: sender=user, is_summary=False
2025-04-27 09:27:44 - db - DEBUG - Сообщение сохранено в БД
2025-04-27 09:27:44 - db - INFO - Списание с баланса пользователя 206545259: 0.54 баллов (Обработка запроса (72 токенов))
2025-04-27 09:27:44 - db - INFO - Списание успешно. Новый баланс: 2354.94 баллов
2025-04-27 09:27:44 - db - DEBUG - Количество сообщений пользователя 206545259: 23
2025-04-27 09:27:44 - db - DEBUG - Запрос последних 50 сообщений пользователя 206545259
2025-04-27 09:27:44 - db - DEBUG - Получено 23 сообщений
2025-04-27 09:27:52 - db - DEBUG - Баланс пользователя 206545259: 2355 баллов
2025-04-27 09:27:52 - db - INFO - Списание с баланса пользователя 206545259: 12.48 баллов (Получение ответа (832 токенов))
2025-04-27 09:27:52 - db - INFO - Списание успешно. Новый баланс: 2342.46 баллов
2025-04-27 09:27:52 - db - DEBUG - Сохранение сообщения для пользователя 206545259: sender=bot, is_summary=False
2025-04-27 09:27:52 - db - DEBUG - Сообщение сохранено в БД
