2025-04-27 01:53:24 - handlers - INFO - cmd_start для пользователя 206545259 (mcyril)
2025-04-27 01:53:24 - handlers - DEBUG - Полученный профиль: {'full_name': 'Кирилл Зильбер', 'birth_date': '1987-08-22', 'birth_time': '22:19', 'latitude': 55.625578, 'longitude': 37.6063916, 'altitude': 186.0, 'balance': 2602.6649999999995}
2025-04-27 01:53:24 - handlers - INFO - Отправка приветственного сообщения существующему пользователю 206545259
2025-04-27 01:53:24 - handlers - DEBUG - Создание обновленной клавиатуры главного меню
2025-04-27 01:53:28 - handlers - INFO - Пользователь 206545259 запросил информацию о балансе: 2603 кредитов
2025-04-27 01:53:36 - handlers - INFO - Пользователь 206545259 нажал кнопку 'Начать консультацию'
2025-04-27 01:53:36 - handlers - DEBUG - Проверка режима консультации: False
2025-04-27 01:53:36 - handlers - DEBUG - Начало консультации: user_id=206545259, уже в консультации=False
2025-04-27 01:53:36 - handlers - DEBUG - Проверка баланса для консультации: user_id=206545259, баланс=2603 кредитов, минимум=100 кредитов
2025-04-27 01:53:36 - handlers - INFO - Предложение начать консультацию пользователю 206545259
2025-04-27 01:53:38 - handlers - INFO - Пользователь 206545259 подтвердил начало консультации
2025-04-27 01:53:38 - handlers - INFO - User 206545259 started consultation mode
2025-04-27 01:53:38 - handlers - DEBUG - Проверка баланса для анализа HD в confirm_consultation: user_id=206545259, баланс=2603 кредитов, требуется=100 кредитов
2025-04-27 01:53:38 - handlers - INFO - Начало анализа HD для пользователя 206545259
2025-04-27 01:53:38 - handlers - INFO - Запрос данных к API Holos для пользователя 206545259
2025-04-27 01:53:39 - handlers - DEBUG - Первичный анализ для пользователя 206545259: УЖЕ проводился (будет приветствие)
2025-04-27 01:53:39 - handlers - INFO - Генерация анализа HD для пользователя 206545259
2025-04-27 01:53:49 - handlers - INFO - Ответ сохранен в базу данных для пользователя 206545259
2025-04-27 01:53:49 - handlers - DEBUG - Данные сохранены в состоянии для пользователя 206545259
2025-04-27 01:53:49 - handlers - INFO - Отправка кнопки завершения консультации пользователю 206545259
2025-04-27 01:55:26 - handlers - INFO - Сохранено сообщение пользователя 206545259: а какое ремесло больше всего мне подходит? отвечай...
2025-04-27 01:55:26 - handlers - INFO - [TOKENS] Входящее сообщение для пользователя 206545259: 67 токенов
2025-04-27 01:55:26 - handlers - DEBUG - Проверка запроса на тип личности: True
2025-04-27 01:55:26 - handlers - INFO - Запрос пользователя 206545259 определен как запрос о типе личности
2025-04-27 01:55:26 - handlers - DEBUG - Извлечена информация о рождении: дата=None, время=None, место=None
2025-04-27 01:55:26 - handlers - INFO - Недостаточно информации для типирования: дату рождения (в формате ГГГГ-ММ-ДД), время рождения (в формате ЧЧ:ММ), место рождения
2025-04-27 01:55:38 - handlers - INFO - Сохранено сообщение пользователя 206545259: ?...
2025-04-27 01:55:38 - handlers - INFO - [TOKENS] Входящее сообщение для пользователя 206545259: 1 токенов
2025-04-27 01:55:38 - handlers - DEBUG - Проверка запроса на тип личности: False
2025-04-27 01:55:38 - handlers - INFO - Обрабатываем обычный запрос пользователя 206545259
2025-04-27 01:55:43 - handlers - INFO - [TOKENS] Исходящий ответ для пользователя 206545259: 288 токенов
2025-04-27 01:56:39 - handlers - INFO - Сохранено сообщение пользователя 206545259: 1. Столяр  
2. Ювелир  
3. Кожевник  
4. Керамист ...
2025-04-27 01:56:39 - handlers - INFO - [TOKENS] Входящее сообщение для пользователя 206545259: 170 токенов
2025-04-27 01:56:39 - handlers - DEBUG - Проверка запроса на тип личности: False
2025-04-27 01:56:39 - handlers - INFO - Обрабатываем обычный запрос пользователя 206545259
2025-04-27 01:56:44 - handlers - INFO - [TOKENS] Исходящий ответ для пользователя 206545259: 819 токенов
2025-04-27 01:58:09 - handlers - INFO - Сохранено сообщение пользователя 206545259: вообще ничего из перечисленного. это максимально д...
2025-04-27 01:58:09 - handlers - INFO - [TOKENS] Входящее сообщение для пользователя 206545259: 77 токенов
2025-04-27 01:58:09 - handlers - DEBUG - Проверка запроса на тип личности: False
2025-04-27 01:58:09 - handlers - INFO - Обрабатываем обычный запрос пользователя 206545259
2025-04-27 01:58:11 - handlers - INFO - [TOKENS] Исходящий ответ для пользователя 206545259: 402 токенов
2025-04-27 01:59:18 - handlers - INFO - Сохранено сообщение пользователя 206545259: почему ты задаешь такие вопросы? это ведь ты мне д...
2025-04-27 01:59:18 - handlers - INFO - [TOKENS] Входящее сообщение для пользователя 206545259: 83 токенов
2025-04-27 01:59:18 - handlers - DEBUG - Проверка запроса на тип личности: False
2025-04-27 01:59:18 - handlers - INFO - Обрабатываем обычный запрос пользователя 206545259
2025-04-27 01:59:22 - handlers - INFO - [TOKENS] Исходящий ответ для пользователя 206545259: 641 токенов
2025-04-27 01:59:22 - handlers - INFO - Суммаризация старых сообщений для пользователя 206545259
2025-04-27 01:59:27 - handlers - INFO - Удалено None старых сообщений для пользователя 206545259
2025-04-27 02:00:15 - handlers - INFO - Сохранено сообщение пользователя 206545259: ну тебе самому не кажется, что ты перечислил профе...
2025-04-27 02:00:15 - handlers - INFO - [TOKENS] Входящее сообщение для пользователя 206545259: 48 токенов
2025-04-27 02:00:15 - handlers - DEBUG - Проверка запроса на тип личности: False
2025-04-27 02:00:15 - handlers - INFO - Обрабатываем обычный запрос пользователя 206545259
2025-04-27 02:00:22 - handlers - INFO - [TOKENS] Исходящий ответ для пользователя 206545259: 757 токенов
2025-04-27 02:01:02 - handlers - INFO - Сохранено сообщение пользователя 206545259: а определи тип личности моего друга...
2025-04-27 02:01:02 - handlers - INFO - [TOKENS] Входящее сообщение для пользователя 206545259: 13 токенов
2025-04-27 02:01:02 - handlers - DEBUG - Проверка запроса на тип личности: True
2025-04-27 02:01:02 - handlers - INFO - Запрос пользователя 206545259 определен как запрос о типе личности
2025-04-27 02:01:02 - handlers - DEBUG - Извлечена информация о рождении: дата=None, время=None, место=None
2025-04-27 02:01:02 - handlers - INFO - Недостаточно информации для типирования: дату рождения (в формате ГГГГ-ММ-ДД), время рождения (в формате ЧЧ:ММ), место рождения
2025-04-27 02:02:12 - handlers - INFO - Сохранено сообщение пользователя 206545259: 1964-01-26 02:00 Красноярск...
2025-04-27 02:02:12 - handlers - INFO - [TOKENS] Входящее сообщение для пользователя 206545259: 17 токенов
2025-04-27 02:02:12 - handlers - DEBUG - Проверка запроса на тип личности: True
2025-04-27 02:02:12 - handlers - INFO - Запрос пользователя 206545259 определен как запрос о типе личности
2025-04-27 02:02:12 - handlers - DEBUG - Извлечена информация о рождении: дата=1964-01-26, время=02:00, место=Красноярск
2025-04-27 02:02:13 - handlers - INFO - Геокодирование местоположения: Красноярск
2025-04-27 02:02:15 - handlers - INFO - Получены координаты: 56.0091173, 92.872586, высота: 153.0
2025-04-27 02:03:37 - handlers - INFO - Пользователь 206545259 завершил консультацию через callback
2025-04-27 02:03:37 - handlers - INFO - User 206545259 ended consultation mode. Duration: 599.51 seconds
2025-04-27 02:03:37 - handlers - INFO - Завершение консультации: user_id=206545259, текущий баланс=2455 баллов
2025-04-27 02:03:37 - handlers - DEBUG - Создание обновленной клавиатуры главного меню
2025-04-27 09:26:16 - handlers - INFO - Пользователь 206545259 нажал кнопку 'Начать консультацию'
2025-04-27 09:26:16 - handlers - DEBUG - Проверка режима консультации: False
2025-04-27 09:26:16 - handlers - DEBUG - Начало консультации: user_id=206545259, уже в консультации=False
2025-04-27 09:26:16 - handlers - DEBUG - Проверка баланса для консультации: user_id=206545259, баланс=2455 кредитов, минимум=100 кредитов
2025-04-27 09:26:16 - handlers - INFO - Предложение начать консультацию пользователю 206545259
2025-04-27 09:26:18 - handlers - INFO - Пользователь 206545259 подтвердил начало консультации
2025-04-27 09:26:18 - handlers - INFO - User 206545259 started consultation mode
2025-04-27 09:26:18 - handlers - DEBUG - Проверка баланса для анализа HD в confirm_consultation: user_id=206545259, баланс=2455 кредитов, требуется=100 кредитов
2025-04-27 09:26:18 - handlers - INFO - Начало анализа HD для пользователя 206545259
2025-04-27 09:26:18 - handlers - INFO - Запрос данных к API Holos для пользователя 206545259
2025-04-27 09:26:19 - handlers - DEBUG - Первичный анализ для пользователя 206545259: УЖЕ проводился (будет приветствие)
2025-04-27 09:26:19 - handlers - INFO - Генерация анализа HD для пользователя 206545259
2025-04-27 09:26:27 - handlers - INFO - Ответ сохранен в базу данных для пользователя 206545259
2025-04-27 09:26:27 - handlers - DEBUG - Данные сохранены в состоянии для пользователя 206545259
2025-04-27 09:26:27 - handlers - INFO - Отправка кнопки завершения консультации пользователю 206545259
2025-04-27 09:27:44 - handlers - INFO - Сохранено сообщение пользователя 206545259: я вообще хочу понять, какое ремесло мне лучше всег...
2025-04-27 09:27:44 - handlers - INFO - [TOKENS] Входящее сообщение для пользователя 206545259: 72 токенов
2025-04-27 09:27:44 - handlers - DEBUG - Проверка запроса на тип личности: False
2025-04-27 09:27:44 - handlers - INFO - Обрабатываем обычный запрос пользователя 206545259
2025-04-27 09:27:52 - handlers - INFO - [TOKENS] Исходящий ответ для пользователя 206545259: 832 токенов
